Vivado Simulator 2020.2
Copyright 1986-1999, 2001-2020 Xilinx, Inc. All Rights Reserved.
Running: G:/Xilinx/Vivado/2020.2/bin/unwrapped/win64.o/xelab.exe -wto ae302d5aa3284400815652c101d33dae --incr --debug typical --relax --mt 2 -L xil_defaultlib -L util_vector_logic_v2_0_1 -L xlconcat_v2_1_4 -L xlconstant_v1_1_7 -L xlslice_v1_0_2 -L unisims_ver -L unimacro_ver -L secureip -L xpm --snapshot simul_module_sig_tb_behav xil_defaultlib.simul_module_sig_tb xil_defaultlib.glbl -log elaborate.log 
Using 2 slave threads.
Starting static elaboration
Pass Through NonSizing Optimizer
Completed static elaboration
Starting simulation data flow analysis
Completed simulation data flow analysis
Time Resolution for simulation is 1ps
Compiling package std.standard
Compiling package std.textio
Compiling package ieee.std_logic_1164
Compiling package ieee.numeric_std
Compiling package ieee.std_logic_arith
Compiling package ieee.std_logic_unsigned
Compiling package ieee.std_logic_textio
Compiling package unisim.vcomponents
Compiling package vl.vl_types
Compiling module xil_defaultlib.glbl
Compiling architecture behavioral of entity xil_defaultlib.compteur_nbits [\compteur_nbits(nbits=7)\]
Compiling architecture design_1_compteur_nbits_0_1_arch of entity xil_defaultlib.design_1_compteur_nbits_0_1 [design_1_compteur_nbits_0_1_defa...]
Compiling architecture behavioral of entity xil_defaultlib.mef_cod_i2s_vsb [mef_cod_i2s_vsb_default]
Compiling architecture design_1_mef_cod_i2s_vsb_0_0_arch of entity xil_defaultlib.design_1_mef_cod_i2s_vsb_0_0 [design_1_mef_cod_i2s_vsb_0_0_def...]
Compiling architecture behavioral of entity xil_defaultlib.mux2 [mux2_default]
Compiling architecture design_1_mux2_0_0_arch of entity xil_defaultlib.design_1_mux2_0_0 [design_1_mux2_0_0_default]
Compiling architecture behavioral of entity xil_defaultlib.reg_dec_24b_fd [reg_dec_24b_fd_default]
Compiling architecture design_1_reg_dec_24b_fd_0_0_arch of entity xil_defaultlib.design_1_reg_dec_24b_fd_0_0 [design_1_reg_dec_24b_fd_0_0_defa...]
Compiling module util_vector_logic_v2_0_1.util_vector_logic_v2_0_1_util_ve...
Compiling module xil_defaultlib.design_1_util_vector_logic_0_0
Compiling module xlconcat_v2_1_4.xlconcat_v2_1_4_xlconcat_default
Compiling module xil_defaultlib.design_1_xlconcat_0_0
Compiling module xlconstant_v1_1_7.xlconstant_v1_1_7_xlconstant(CON...
Compiling module xil_defaultlib.design_1_xlconstant_0_1
Compiling module xlslice_v1_0_2.xlslice_v1_0_2_xlslice(DIN_WIDTH...
Compiling module xil_defaultlib.design_1_xlslice_0_0
Compiling architecture structure of entity xil_defaultlib.M9_codeur_i2s_imp_1VJCTGL [m9_codeur_i2s_imp_1vjctgl_defaul...]
Compiling architecture behavioral of entity xil_defaultlib.affhexPmodSSD_v3 [affhexpmodssd_v3_default]
Compiling architecture design_1_affhexpmodssd_v3_0_0_arch of entity xil_defaultlib.design_1_affhexPmodSSD_v3_0_0 [design_1_affhexpmodssd_v3_0_0_de...]
Compiling architecture behavioral of entity xil_defaultlib.mef_decod_i2s_v1b [mef_decod_i2s_v1b_default]
Compiling architecture design_1_mef_decod_i2s_v1b_0_0_arch of entity xil_defaultlib.design_1_mef_decod_i2s_v1b_0_0 [design_1_mef_decod_i2s_v1b_0_0_d...]
Compiling architecture design_1_compteur_nbits_0_0_arch of entity xil_defaultlib.design_1_compteur_nbits_0_0 [design_1_compteur_nbits_0_0_defa...]
Compiling architecture behavioral of entity xil_defaultlib.reg_24b [reg_24b_default]
Compiling architecture design_1_reg_24b_0_0_arch of entity xil_defaultlib.design_1_reg_24b_0_0 [design_1_reg_24b_0_0_default]
Compiling architecture design_1_reg_24b_0_1_arch of entity xil_defaultlib.design_1_reg_24b_0_1 [design_1_reg_24b_0_1_default]
Compiling architecture behavioral of entity xil_defaultlib.reg_dec_24b [reg_dec_24b_default]
Compiling architecture design_1_reg_dec_24b_0_0_arch of entity xil_defaultlib.design_1_reg_dec_24b_0_0 [design_1_reg_dec_24b_0_0_default]
Compiling architecture structure of entity xil_defaultlib.M1_decodeur_i2s_imp_17RYJKZ [m1_decodeur_i2s_imp_17ryjkz_defa...]
Compiling architecture behavioral of entity xil_defaultlib.sig_fct_sat_dure [\sig_fct_sat_dure(c_ech_u24_max=...]
Compiling architecture design_1_sig_fct_sat_dure_0_0_arch of entity xil_defaultlib.design_1_sig_fct_sat_dure_0_0 [design_1_sig_fct_sat_dure_0_0_de...]
Compiling architecture behavioral of entity xil_defaultlib.sig_fct_sat_dure [sig_fct_sat_dure_default]
Compiling architecture design_1_sig_fct_sat_dure_0_1_arch of entity xil_defaultlib.design_1_sig_fct_sat_dure_0_1 [design_1_sig_fct_sat_dure_0_1_de...]
Compiling architecture behavioral of entity xil_defaultlib.sig_fct_3 [sig_fct_3_default]
Compiling architecture design_1_sig_fct_3_0_0_arch of entity xil_defaultlib.design_1_sig_fct_3_0_0 [design_1_sig_fct_3_0_0_default]
Compiling architecture behavioral of entity xil_defaultlib.calcul_param_1 [calcul_param_1_default]
Compiling architecture design_1_calcul_param_1_0_0_arch of entity xil_defaultlib.design_1_calcul_param_1_0_0 [design_1_calcul_param_1_0_0_defa...]
Compiling architecture behavioral of entity xil_defaultlib.calcul_param_2 [calcul_param_2_default]
Compiling architecture design_1_calcul_param_2_0_0_arch of entity xil_defaultlib.design_1_calcul_param_2_0_0 [design_1_calcul_param_2_0_0_defa...]
Compiling architecture behavioral of entity xil_defaultlib.calcul_param_3 [calcul_param_3_default]
Compiling architecture design_1_calcul_param_3_0_0_arch of entity xil_defaultlib.design_1_calcul_param_3_0_0 [design_1_calcul_param_3_0_0_defa...]
Compiling architecture behavioral of entity xil_defaultlib.strb_gen [strb_gen_default]
Compiling architecture behavioral of entity xil_defaultlib.conditionne_btn_v7 [conditionne_btn_v7_default]
Compiling architecture behavior of entity xil_defaultlib.module_commande [module_commande_default]
Compiling architecture design_1_module_commande_0_0_arch of entity xil_defaultlib.design_1_module_commande_0_0 [design_1_module_commande_0_0_def...]
Compiling architecture behavioral of entity xil_defaultlib.mux4 [mux4_default]
Compiling architecture design_1_mux4_0_0_arch of entity xil_defaultlib.design_1_mux4_0_0 [design_1_mux4_0_0_default]
Compiling architecture behavioral of entity xil_defaultlib.mux4 [\mux4(input_length=8)\]
Compiling architecture design_1_mux4_0_1_arch of entity xil_defaultlib.design_1_mux4_0_1 [design_1_mux4_0_1_default]
Compiling module xlconstant_v1_1_7.xlconstant_v1_1_7_xlconstant(CON...
Compiling module xil_defaultlib.design_1_xlconstant_0_0
Compiling architecture structure of entity xil_defaultlib.design_1 [design_1_default]
Compiling architecture behavioral of entity xil_defaultlib.simul_module_sig_tb
Built simulation snapshot simul_module_sig_tb_behav
